<?xml version="1.0" encoding="UTF-8"?>
<!-- Generated by org.testng.reporters.JUnitXMLReporter -->
<testsuite ignored="0" hostname="PariArohi" failures="2" tests="2" name="Login Test" time="117.528" errors="0" timestamp="2023-10-24T13:07:15 IST">
  <testcase classname="TestCases.LoginTest2" name="test1" time="6.06">
    <failure type="java.lang.AssertionError" message="expected [true] but found [false]">
      <![CDATA[java.lang.AssertionError: expected [true] but found [false]
at TestCases.LoginTest2.test1(LoginTest2.java:52)
at java.base/java.util.ArrayList.forEach(ArrayList.java:1511)
... Removed 31 stack frames]]>
    </failure>
  </testcase> <!-- test1 -->
  <testcase classname="TestCases.LoginTest2" name="test2" time="16.24">
    <failure type="java.lang.AssertionError" message="expected [true] but found [false]">
      <![CDATA[java.lang.AssertionError: expected [true] but found [false]
at utils.Methods.verifybase64(Methods.java:103)
at TestCases.LoginTest2.test2(LoginTest2.java:76)
at java.base/java.util.ArrayList.forEach(ArrayList.java:1511)
... Removed 31 stack frames]]>
    </failure>
  </testcase> <!-- test2 -->
</testsuite> <!-- Login Test -->
